<?xml version="1.0" encoding="UTF-8"?>
<testng-results skipped="0" failed="0" total="1" passed="1">
  <reporter-output>
  </reporter-output>
  <suite name="Default suite" duration-ms="112333" started-at="2018-09-20T05:56:29Z" finished-at="2018-09-20T05:58:22Z">
    <groups>
    </groups>
    <test name="Default test" duration-ms="112333" started-at="2018-09-20T05:56:29Z" finished-at="2018-09-20T05:58:22Z">
      <class name="testcases.TestcasesTest">
        <test-method status="PASS" signature="Launch()[pri:0, instance:testcases.TestcasesTest@11a9022]" name="Launch" duration-ms="112008" started-at="2018-09-20T11:26:30Z" finished-at="2018-09-20T11:28:22Z">
          <reporter-output>
          </reporter-output>
        </test-method> <!-- Launch -->
      </class> <!-- testcases.TestcasesTest -->
    </test> <!-- Default test -->
  </suite> <!-- Default suite -->
</testng-results>
